Line 23, column 35: Cannot find symbol void_func
Line 23, column 5: Cannot find symbol func1(bool,int,float32,undef)
Line 24, column 26: Cannot find symbol void_func
Line 24, column 5: Cannot find symbol func1(bool,int,undef,string)
Line 25, column 26: Cannot find symbol void_func
Line 25, column 37: Cannot find symbol void_func
Line 25, column 5: Cannot find symbol func1(bool,int,undef,undef)
Line 26, column 19: Cannot find symbol void_func
Line 26, column 5: Cannot find symbol func1(bool,undef,float32,string)
Line 27, column 19: Cannot find symbol void_func
Line 27, column 39: Cannot find symbol void_func
Line 27, column 5: Cannot find symbol func1(bool,undef,float32,undef)
Line 28, column 19: Cannot find symbol void_func
Line 28, column 30: Cannot find symbol void_func
Line 28, column 5: Cannot find symbol func1(bool,undef,undef,string)
Line 29, column 19: Cannot find symbol void_func
Line 29, column 30: Cannot find symbol void_func
Line 29, column 41: Cannot find symbol void_func
Line 29, column 5: Cannot find symbol func1(bool,undef,undef,undef)
Line 30, column 11: Cannot find symbol void_func
Line 30, column 5: Cannot find symbol func1(undef,int,float32,string)
Line 31, column 11: Cannot find symbol void_func
Line 31, column 38: Cannot find symbol void_func
Line 31, column 5: Cannot find symbol func1(undef,int,float32,undef)
Line 32, column 11: Cannot find symbol void_func
Line 32, column 29: Cannot find symbol void_func
Line 32, column 5: Cannot find symbol func1(undef,int,undef,string)
Line 33, column 11: Cannot find symbol void_func
Line 33, column 29: Cannot find symbol void_func
Line 33, column 40: Cannot find symbol void_func
Line 33, column 5: Cannot find symbol func1(undef,int,undef,undef)
Line 34, column 11: Cannot find symbol void_func
Line 34, column 22: Cannot find symbol void_func
Line 34, column 5: Cannot find symbol func1(undef,undef,float32,string)
Line 35, column 11: Cannot find symbol void_func
Line 35, column 22: Cannot find symbol void_func
Line 35, column 42: Cannot find symbol void_func
Line 35, column 5: Cannot find symbol func1(undef,undef,float32,undef)
Line 36, column 11: Cannot find symbol void_func
Line 36, column 22: Cannot find symbol void_func
Line 36, column 33: Cannot find symbol void_func
Line 36, column 5: Cannot find symbol func1(undef,undef,undef,string)
Line 37, column 11: Cannot find symbol void_func
Line 37, column 22: Cannot find symbol void_func
Line 37, column 33: Cannot find symbol void_func
Line 37, column 44: Cannot find symbol void_func
Line 37, column 5: Cannot find symbol func1(undef,undef,undef,undef)