STRLIT("string 1 \f")
SEMICOLON
IDENTIFIER(id1)
IDENTIFIER(AA)
Line 2, column 7: illegal character (\)
Line 2, column 8: illegal character (\)
IDENTIFIER(VV)
SEMICOLON
IDENTIFIER(id2)
Line 3, column 5: unterminated string literal
STRLIT("string")
Line 4, column 10: illegal character (.)
SEMICOLON
IDENTIFIER(id3)
SEMICOLON
Line 7, column 1: invalid octal constant (08)
Line 7, column 4: invalid octal constant (0288)
Line 7, column 9: invalid octal constant (0287820)
IDENTIFIER(id4)
SEMICOLON
Line 9, column 6: unterminated comment
